<?xml version="1.0" encoding="UTF-8"?>
<testsuite name="za.ac.up.cos730.u21452832.bounce.BounceTest" tests="1" skipped="0" failures="0" errors="0" timestamp="2024-05-22T16:39:43" hostname="TUMISHANGPARE" time="0.003">
  <properties/>
  <testcase name="testPlayerHealthReduction" classname="za.ac.up.cos730.u21452832.bounce.BounceTest" time="0.003"/>
  <system-out><![CDATA[it worked
]]></system-out>
  <system-err><![CDATA[]]></system-err>
</testsuite>
